#
# There is insufficient memory for the Java Runtime Environment to continue.
# Native memory allocation (malloc) failed to allocate 2014656 bytes for Chunk::new
# Possible reasons:
#   The system is out of physical RAM or swap space
#   In 32 bit mode, the process size limit was hit
# Possible solutions:
#   Reduce memory load on the system
#   Increase physical memory or swap space
#   Check if swap backing store is full
#   Use 64 bit Java on a 64 bit OS
#   Decrease Java heap size (-Xmx/-Xms)
#   Decrease number of Java threads
#   Decrease Java thread stack sizes (-Xss)
#   Set larger code cache with -XX:ReservedCodeCacheSize=
# This output file may be truncated or incomplete.
#
#  Out of Memory Error (allocation.cpp:317), pid=10732, tid=10760
#
# JRE version: 6.0_26-b03
# Java VM: Java HotSpot(TM) 64-Bit Server VM (20.1-b02 mixed mode windows-amd64 compressed oops)

---------------  T H R E A D  ---------------

Current thread (0x000000000689b800):  JavaThread "C2 CompilerThread0" daemon [_thread_in_native, id=10760, stack(0x0000000007520000,0x0000000007620000)]

Stack: [0x0000000007520000,0x0000000007620000]

Current CompileTask:
C2:  23275 495      org.apache.maven.model.io.xpp3.MavenXpp3ReaderEx.parseModel(Lorg/codehaus/plexus/util/xml/pull/XmlPullParser;ZLorg/apache/maven/model/InputSource;)Lorg/apache/maven/model/Model; (2056 bytes)


---------------  P R O C E S S  ---------------

Java Threads: ( => current thread )
  0x00000000068b1000 JavaThread "Low Memory Detector" daemon [_thread_blocked, id=8052, stack(0x0000000007720000,0x0000000007820000)]
  0x000000000689f800 JavaThread "C2 CompilerThread1" daemon [_thread_blocked, id=7852, stack(0x0000000007620000,0x0000000007720000)]
=>0x000000000689b800 JavaThread "C2 CompilerThread0" daemon [_thread_in_native, id=10760, stack(0x0000000007520000,0x0000000007620000)]
  0x000000000688c800 JavaThread "JDWP Command Reader" daemon [_thread_in_native, id=9564, stack(0x0000000007420000,0x0000000007520000)]
  0x0000000006889000 JavaThread "JDWP Event Helper Thread" daemon [_thread_blocked, id=9536, stack(0x0000000007320000,0x0000000007420000)]
  0x0000000006881000 JavaThread "JDWP Transport Listener: dt_socket" daemon [_thread_blocked, id=9764, stack(0x0000000006fd0000,0x00000000070d0000)]
  0x0000000006878800 JavaThread "Attach Listener" daemon [_thread_blocked, id=9532, stack(0x0000000006b20000,0x0000000006c20000)]
  0x0000000006873000 JavaThread "Signal Dispatcher" daemon [_thread_blocked, id=7056, stack(0x0000000006a20000,0x0000000006b20000)]
  0x000000000052e000 JavaThread "Finalizer" daemon [_thread_blocked, id=6456, stack(0x0000000006720000,0x0000000006820000)]
  0x0000000000527000 JavaThread "Reference Handler" daemon [_thread_blocked, id=6604, stack(0x0000000006620000,0x0000000006720000)]
  0x000000000060e000 JavaThread "main" [_thread_in_native, id=11124, stack(0x0000000002400000,0x0000000002500000)]

Other Threads:
  0x0000000000521000 VMThread [stack: 0x0000000006520000,0x0000000006620000] [id=3872]
  0x00000000068ca000 WatcherThread [stack: 0x0000000007820000,0x0000000007920000] [id=8148]

VM state:not at safepoint (normal execution)

VM Mutex/Monitor currently owned by a thread: None

Heap
 PSYoungGen      total 37760K, used 15033K [0x00000007d5eb0000, 0x00000007d8d60000, 0x0000000800000000)
  eden space 28736K, 48% used [0x00000007d5eb0000,0x00000007d6c36518,0x00000007d7ac0000)
  from space 9024K, 13% used [0x00000007d8490000,0x00000007d85b8020,0x00000007d8d60000)
  to   space 9536K, 0% used [0x00000007d7ac0000,0x00000007d7ac0000,0x00000007d8410000)
 PSOldGen        total 86208K, used 11162K [0x0000000781c00000, 0x0000000787030000, 0x00000007d5eb0000)
  object space 86208K, 12% used [0x0000000781c00000,0x00000007826e6bf0,0x0000000787030000)
 PSPermGen       total 21248K, used 16892K [0x000000077ca00000, 0x000000077dec0000, 0x0000000781c00000)
  object space 21248K, 79% used [0x000000077ca00000,0x000000077da7f1d0,0x000000077dec0000)

Code Cache  [0x0000000002500000, 0x0000000002770000, 0x0000000005500000)
 total_blobs=723 nmethods=473 adapters=211 free_code_cache=48175488 largest_free_block=30016

Dynamic libraries:
0x0000000000400000 - 0x000000000042e000 	C:\Program Files\Java\jdk1.6.0_26\bin\javaw.exe
0x0000000077270000 - 0x000000007741a000 	C:\Windows\SYSTEM32\ntdll.dll
0x0000000077050000 - 0x000000007716f000 	C:\Windows\system32\kernel32.dll
0x000007fefd2b0000 - 0x000007fefd31a000 	C:\Windows\system32\KERNELBASE.dll
0x000007fefd7f0000 - 0x000007fefd8cb000 	C:\Windows\system32\ADVAPI32.dll
0x000007fefd360000 - 0x000007fefd3ff000 	C:\Windows\system32\msvcrt.dll
0x000007fefd8d0000 - 0x000007fefd8ef000 	C:\Windows\SYSTEM32\sechost.dll
0x000007fefddb0000 - 0x000007fefdedd000 	C:\Windows\system32\RPCRT4.dll
0x0000000077170000 - 0x000000007726a000 	C:\Windows\system32\USER32.dll
0x000007fefdee0000 - 0x000007fefdf47000 	C:\Windows\system32\GDI32.dll
0x000007fefd400000 - 0x000007fefd40e000 	C:\Windows\system32\LPK.dll
0x000007feff280000 - 0x000007feff34a000 	C:\Windows\system32\USP10.dll
0x000007fefd490000 - 0x000007fefd4be000 	C:\Windows\system32\IMM32.DLL
0x000007fefd920000 - 0x000007fefda29000 	C:\Windows\system32\MSCTF.dll
0x000000006d890000 - 0x000000006e048000 	C:\Program Files\Java\jdk1.6.0_26\jre\bin\server\jvm.dll
0x000007fefb7c0000 - 0x000007fefb7fb000 	C:\Windows\system32\WINMM.dll
0x000000006d800000 - 0x000000006d80e000 	C:\Program Files\Java\jdk1.6.0_26\jre\bin\verify.dll
0x000000006d450000 - 0x000000006d477000 	C:\Program Files\Java\jdk1.6.0_26\jre\bin\java.dll
0x0000000077430000 - 0x0000000077437000 	C:\Windows\system32\PSAPI.DLL
0x000000006d4c0000 - 0x000000006d4f4000 	C:\Program Files\Java\jdk1.6.0_26\jre\bin\jdwp.dll
0x000000006d6d0000 - 0x000000006d6d8000 	C:\Program Files\Java\jdk1.6.0_26\jre\bin\npt.dll
0x000000006d850000 - 0x000000006d862000 	C:\Program Files\Java\jdk1.6.0_26\jre\bin\zip.dll
0x000000006d310000 - 0x000000006d319000 	C:\Program Files\Java\jdk1.6.0_26\jre\bin\dt_socket.dll
0x000007fefe210000 - 0x000007fefe25d000 	C:\Windows\system32\WS2_32.dll
0x000007fefd8f0000 - 0x000007fefd8f8000 	C:\Windows\system32\NSI.dll
0x000007fefb450000 - 0x000007fefb465000 	C:\Windows\system32\NLAapi.dll
0x000007fef9040000 - 0x000007fef9055000 	C:\Windows\system32\napinsp.dll
0x000007fef9060000 - 0x000007fef9079000 	C:\Windows\system32\pnrpnsp.dll
0x000007fefc7d0000 - 0x000007fefc825000 	C:\Windows\System32\mswsock.dll
0x000007fefc540000 - 0x000007fefc59b000 	C:\Windows\system32\DNSAPI.dll
0x000007fef8eb0000 - 0x000007fef8ebb000 	C:\Windows\System32\winrnr.dll
0x000007fef8ea0000 - 0x000007fef8eb0000 	C:\Windows\system32\wshbth.dll
0x000007fef9c60000 - 0x000007fef9c87000 	C:\Windows\system32\IPHLPAPI.DLL
0x000007fef9be0000 - 0x000007fef9beb000 	C:\Windows\system32\WINNSI.DLL
0x000007fef98d0000 - 0x000007fef9923000 	C:\Windows\System32\fwpuclnt.dll
0x000007fef90b0000 - 0x000007fef90b8000 	C:\Windows\system32\rasadhlp.dll
0x000007fefc150000 - 0x000007fefc157000 	C:\Windows\System32\wshtcpip.dll
0x000007fefcda0000 - 0x000007fefcdf7000 	C:\Windows\system32\apphelp.dll
0x000000006d6a0000 - 0x000000006d6b7000 	C:\Program Files\Java\jdk1.6.0_26\jre\bin\net.dll
0x000007fefca00000 - 0x000007fefca07000 	C:\Windows\System32\wship6.dll
0x000000006d6c0000 - 0x000000006d6cb000 	C:\Program Files\Java\jdk1.6.0_26\jre\bin\nio.dll

VM Arguments:
jvm_args: -agentlib:jdwp=transport=dt_socket,suspend=y,address=localhost:52689 -Dmaven.home=EMBEDDED -Dclassworlds.conf=D:\AProyecto Migracion MEXICO\Migracion ACTIVAS\Activas\Cartera\frontEnd\web\events\.metadata\.plugins\org.eclipse.m2e.launching\launches\m2conf1579209914438785312.tmp -Dmaven.bootclasspath=/D:/Java/eclipse/configuration/org.eclipse.osgi/bundles/1184/1/.cp/jars/plexus-classworlds-2.4.jar -Dfile.encoding=Cp1252 
java_command: org.codehaus.plexus.classworlds.launcher.Launcher -B install
Launcher Type: SUN_STANDARD

Environment Variables:
JAVA_HOME=C:\Program Files\Java\jre1.8.0_101
CLASSPATH=C:\Program Files (x86)\IBM\WebSphere MQ\java\lib\com.ibm.mqjms.jar;C:\Program Files (x86)\IBM\WebSphere MQ\java\lib\com.ibm.mq.jar
USERNAME=kmeza
OS=Windows_NT
PROCESSOR_IDENTIFIER=Intel64 Family 6 Model 58 Stepping 9, GenuineIntel



---------------  S Y S T E M  ---------------

OS: Windows 7 Build 7601 Service Pack 1

CPU:total 4 (2 cores per cpu, 2 threads per core) family 6 model 58 stepping 9, cmov, cx8, fxsr, mmx, sse, sse2, sse3, ssse3, sse4.1, sse4.2, popcnt, ht

Memory: 4k page, physical 8273448k(1680852k free), swap 8976624k(12904k free)

vm_info: Java HotSpot(TM) 64-Bit Server VM (20.1-b02) for windows-amd64 JRE (1.6.0_26-b03), built on May  4 2011 07:15:24 by "java_re" with MS VC++ 8.0 (VS2005)

time: Mon Dec 05 16:37:53 2016
elapsed time: 23 seconds

