#
# There is insufficient memory for the Java Runtime Environment to continue.
# Native memory allocation (malloc) failed to allocate 65552 bytes for Chunk::new
# Possible reasons:
#   The system is out of physical RAM or swap space
#   In 32 bit mode, the process size limit was hit
# Possible solutions:
#   Reduce memory load on the system
#   Increase physical memory or swap space
#   Check if swap backing store is full
#   Use 64 bit Java on a 64 bit OS
#   Decrease Java heap size (-Xmx/-Xms)
#   Decrease number of Java threads
#   Decrease Java thread stack sizes (-Xss)
#   Set larger code cache with -XX:ReservedCodeCacheSize=
# This output file may be truncated or incomplete.
#
#  Out of Memory Error (allocation.cpp:317), pid=3908, tid=712
#
# JRE version: 6.0_26-b03
# Java VM: Java HotSpot(TM) 64-Bit Server VM (20.1-b02 mixed mode windows-amd64 compressed oops)

---------------  T H R E A D  ---------------

Current thread (0x00000000062a1800):  JavaThread "C2 CompilerThread1" daemon [_thread_in_native, id=712, stack(0x0000000006840000,0x0000000006940000)]

Stack: [0x0000000006840000,0x0000000006940000]

Current CompileTask:
C2:   3475 233      org.apache.xerces.impl.XMLNSDocumentScannerImpl.scanStartElement()Z (866 bytes)


---------------  P R O C E S S  ---------------

Java Threads: ( => current thread )
  0x00000000062ac000 JavaThread "Low Memory Detector" daemon [_thread_blocked, id=7532, stack(0x0000000006940000,0x0000000006a40000)]
=>0x00000000062a1800 JavaThread "C2 CompilerThread1" daemon [_thread_in_native, id=712, stack(0x0000000006840000,0x0000000006940000)]
  0x000000000629c800 JavaThread "C2 CompilerThread0" daemon [_thread_in_native, id=6400, stack(0x0000000006740000,0x0000000006840000)]
  0x0000000006298800 JavaThread "Attach Listener" daemon [_thread_blocked, id=1528, stack(0x0000000006640000,0x0000000006740000)]
  0x0000000006293800 JavaThread "Signal Dispatcher" daemon [_thread_blocked, id=4144, stack(0x0000000006540000,0x0000000006640000)]
  0x0000000006245800 JavaThread "Finalizer" daemon [_thread_blocked, id=6464, stack(0x0000000006440000,0x0000000006540000)]
  0x0000000000619800 JavaThread "Reference Handler" daemon [_thread_blocked, id=6960, stack(0x0000000006140000,0x0000000006240000)]
  0x0000000000558000 JavaThread "main" [_thread_in_native, id=8528, stack(0x0000000002410000,0x0000000002510000)]

Other Threads:
  0x0000000000611800 VMThread [stack: 0x0000000006040000,0x0000000006140000] [id=7880]
  0x00000000062be000 WatcherThread [stack: 0x0000000006a40000,0x0000000006b40000] [id=4036]

VM state:not at safepoint (normal execution)

VM Mutex/Monitor currently owned by a thread: None

Heap
 PSYoungGen      total 37696K, used 31867K [0x00000000f5560000, 0x00000000f7f70000, 0x0000000100000000)
  eden space 32320K, 90% used [0x00000000f5560000,0x00000000f71dec48,0x00000000f74f0000)
  from space 5376K, 50% used [0x00000000f74f0000,0x00000000f7790040,0x00000000f7a30000)
  to   space 5376K, 0% used [0x00000000f7a30000,0x00000000f7a30000,0x00000000f7f70000)
 PSOldGen        total 86208K, used 0K [0x00000000e0000000, 0x00000000e5430000, 0x00000000f5560000)
  object space 86208K, 0% used [0x00000000e0000000,0x00000000e0000000,0x00000000e5430000)
 PSPermGen       total 21248K, used 13224K [0x00000000dae00000, 0x00000000dc2c0000, 0x00000000e0000000)
  object space 21248K, 62% used [0x00000000dae00000,0x00000000dbaea0e8,0x00000000dc2c0000)

Code Cache  [0x0000000002510000, 0x0000000002780000, 0x0000000005510000)
 total_blobs=498 nmethods=266 adapters=185 free_code_cache=48947200 largest_free_block=27712

Dynamic libraries:
0x0000000000400000 - 0x000000000042e000 	C:\Program Files\Java\jdk1.6.0_26\jre\bin\java.exe
0x0000000077070000 - 0x000000007721a000 	C:\Windows\SYSTEM32\ntdll.dll
0x0000000076f50000 - 0x000000007706f000 	C:\Windows\system32\kernel32.dll
0x000007fefcfb0000 - 0x000007fefd01a000 	C:\Windows\system32\KERNELBASE.dll
0x000007fefdbb0000 - 0x000007fefdc8b000 	C:\Windows\system32\ADVAPI32.dll
0x000007fefd240000 - 0x000007fefd2df000 	C:\Windows\system32\msvcrt.dll
0x000007fefeef0000 - 0x000007fefef0f000 	C:\Windows\SYSTEM32\sechost.dll
0x000007fefdd80000 - 0x000007fefdead000 	C:\Windows\system32\RPCRT4.dll
0x000000006d890000 - 0x000000006e048000 	C:\Program Files\Java\jdk1.6.0_26\jre\bin\server\jvm.dll
0x0000000076e50000 - 0x0000000076f4a000 	C:\Windows\system32\USER32.dll
0x000007fefdd10000 - 0x000007fefdd77000 	C:\Windows\system32\GDI32.dll
0x000007fefee90000 - 0x000007fefee9e000 	C:\Windows\system32\LPK.dll
0x000007fefd800000 - 0x000007fefd8ca000 	C:\Windows\system32\USP10.dll
0x000007fefacf0000 - 0x000007fefad2b000 	C:\Windows\system32\WINMM.dll
0x000007fefd7d0000 - 0x000007fefd7fe000 	C:\Windows\system32\IMM32.DLL
0x000007fefed80000 - 0x000007fefee89000 	C:\Windows\system32\MSCTF.dll
0x000000006d800000 - 0x000000006d80e000 	C:\Program Files\Java\jdk1.6.0_26\jre\bin\verify.dll
0x000000006d450000 - 0x000000006d477000 	C:\Program Files\Java\jdk1.6.0_26\jre\bin\java.dll
0x0000000077240000 - 0x0000000077247000 	C:\Windows\system32\PSAPI.DLL
0x000000006d850000 - 0x000000006d862000 	C:\Program Files\Java\jdk1.6.0_26\jre\bin\zip.dll
0x000000006d5e0000 - 0x000000006d5ea000 	C:\Program Files\Java\jdk1.6.0_26\jre\bin\management.dll
0x000000006d6a0000 - 0x000000006d6b7000 	C:\Program Files\Java\jdk1.6.0_26\jre\bin\net.dll
0x000007fefeea0000 - 0x000007fefeeed000 	C:\Windows\system32\WS2_32.dll
0x000007fefd5b0000 - 0x000007fefd5b8000 	C:\Windows\system32\NSI.dll
0x000007fefc610000 - 0x000007fefc665000 	C:\Windows\system32\mswsock.dll
0x000007fefc6a0000 - 0x000007fefc6a7000 	C:\Windows\System32\wship6.dll
0x000007fefbf50000 - 0x000007fefbf57000 	C:\Windows\System32\wshtcpip.dll
0x000007fefc3a0000 - 0x000007fefc3fb000 	C:\Windows\system32\DNSAPI.dll
0x000007fef9970000 - 0x000007fef9997000 	C:\Windows\system32\IPHLPAPI.DLL
0x000007fef9960000 - 0x000007fef996b000 	C:\Windows\system32\WINNSI.DLL
0x000007fef8d30000 - 0x000007fef8d38000 	C:\Windows\system32\rasadhlp.dll
0x000007fef96d0000 - 0x000007fef9723000 	C:\Windows\System32\fwpuclnt.dll

VM Arguments:
jvm_args: -Xmx512m -Dfile.encoding=UTF-8 
java_command: edu.umd.cs.findbugs.FindBugs2 -xml:withMessages -auxclasspathFromInput -projectName assts.mntnn.extendsquotaformmain.customevents -effort:default -high -nested:false -include D:\AProyecto Migracion MEXICO\Migracion ACTIVAS\Activas\Cartera\frontEnd\web\events\assts.mntnn.extendsquotaformmain.customevents\target\finbugs\findbugs-Include.xml -exclude D:\AProyecto Migracion MEXICO\Migracion ACTIVAS\Activas\Cartera\frontEnd\web\events\assts.mntnn.extendsquotaformmain.customevents\target\finbugs\findbugs-Exclude.xml -output D:\AProyecto Migracion MEXICO\Migracion ACTIVAS\Activas\Cartera\frontEnd\web\events\assts.mntnn.extendsquotaformmain.customevents\target\findbugsTemp.xml D:\AProyecto Migracion MEXICO\Migracion ACTIVAS\Activas\Cartera\frontEnd\web\events\assts.mntnn.extendsquotaformmain.customevents\target\classes
Launcher Type: SUN_STANDARD

Environment Variables:
JAVA_HOME=C:\Program Files\Java\jre1.8.0_101
CLASSPATH=C:\Program Files (x86)\IBM\WebSphere MQ\java\lib\com.ibm.mqjms.jar;C:\Program Files (x86)\IBM\WebSphere MQ\java\lib\com.ibm.mq.jar
USERNAME=kmeza
OS=Windows_NT
PROCESSOR_IDENTIFIER=Intel64 Family 6 Model 58 Stepping 9, GenuineIntel



---------------  S Y S T E M  ---------------

OS: Windows 7 Build 7601 Service Pack 1

CPU:total 4 (2 cores per cpu, 2 threads per core) family 6 model 58 stepping 9, cmov, cx8, fxsr, mmx, sse, sse2, sse3, ssse3, sse4.1, sse4.2, popcnt, ht

Memory: 4k page, physical 8273448k(1386108k free), swap 8676968k(19296k free)

vm_info: Java HotSpot(TM) 64-Bit Server VM (20.1-b02) for windows-amd64 JRE (1.6.0_26-b03), built on May  4 2011 07:15:24 by "java_re" with MS VC++ 8.0 (VS2005)

time: Thu Dec 01 17:12:46 2016
elapsed time: 3 seconds

