#
# There is insufficient memory for the Java Runtime Environment to continue.
# Native memory allocation (malloc) failed to allocate 165696 bytes for Chunk::new
# Possible reasons:
#   The system is out of physical RAM or swap space
#   In 32 bit mode, the process size limit was hit
# Possible solutions:
#   Reduce memory load on the system
#   Increase physical memory or swap space
#   Check if swap backing store is full
#   Use 64 bit Java on a 64 bit OS
#   Decrease Java heap size (-Xmx/-Xms)
#   Decrease number of Java threads
#   Decrease Java thread stack sizes (-Xss)
#   Set larger code cache with -XX:ReservedCodeCacheSize=
# This output file may be truncated or incomplete.
#
#  Out of Memory Error (allocation.cpp:317), pid=10208, tid=7708
#
# JRE version: 6.0_26-b03
# Java VM: Java HotSpot(TM) 64-Bit Server VM (20.1-b02 mixed mode windows-amd64 compressed oops)

---------------  T H R E A D  ---------------

Current thread (0x000000000620f800):  JavaThread "C2 CompilerThread0" daemon [_thread_in_native, id=7708, stack(0x00000000066b0000,0x00000000067b0000)]

Stack: [0x00000000066b0000,0x00000000067b0000]

Current CompileTask:
C2:    977  67  !   org.apache.xerces.impl.XMLDocumentFragmentScannerImpl$FragmentContentDispatcher.dispatch(Z)Z (1126 bytes)


---------------  P R O C E S S  ---------------

Java Threads: ( => current thread )
  0x000000000622f800 JavaThread "Low Memory Detector" daemon [_thread_blocked, id=9304, stack(0x00000000068b0000,0x00000000069b0000)]
  0x0000000006223000 JavaThread "C2 CompilerThread1" daemon [_thread_in_native, id=9120, stack(0x00000000067b0000,0x00000000068b0000)]
=>0x000000000620f800 JavaThread "C2 CompilerThread0" daemon [_thread_in_native, id=7708, stack(0x00000000066b0000,0x00000000067b0000)]
  0x000000000620c800 JavaThread "Attach Listener" daemon [_thread_blocked, id=3892, stack(0x00000000065b0000,0x00000000066b0000)]
  0x0000000006207800 JavaThread "Signal Dispatcher" daemon [_thread_blocked, id=7640, stack(0x00000000064b0000,0x00000000065b0000)]
  0x00000000061b5800 JavaThread "Finalizer" daemon [_thread_blocked, id=4808, stack(0x00000000063b0000,0x00000000064b0000)]
  0x00000000003e9800 JavaThread "Reference Handler" daemon [_thread_blocked, id=9788, stack(0x00000000060b0000,0x00000000061b0000)]
  0x0000000000328000 JavaThread "main" [_thread_in_Java, id=5044, stack(0x0000000002260000,0x0000000002360000)]

Other Threads:
  0x00000000003e1800 VMThread [stack: 0x0000000005fb0000,0x00000000060b0000] [id=8284]
  0x0000000006239000 WatcherThread [stack: 0x00000000069b0000,0x0000000006ab0000] [id=5292]

VM state:not at safepoint (normal execution)

VM Mutex/Monitor currently owned by a thread: None

Heap
 PSYoungGen      total 37696K, used 18326K [0x00000000f5560000, 0x00000000f7f70000, 0x0000000100000000)
  eden space 32320K, 56% used [0x00000000f5560000,0x00000000f6745b98,0x00000000f74f0000)
  from space 5376K, 0% used [0x00000000f7a30000,0x00000000f7a30000,0x00000000f7f70000)
  to   space 5376K, 0% used [0x00000000f74f0000,0x00000000f74f0000,0x00000000f7a30000)
 PSOldGen        total 86208K, used 0K [0x00000000e0000000, 0x00000000e5430000, 0x00000000f5560000)
  object space 86208K, 0% used [0x00000000e0000000,0x00000000e0000000,0x00000000e5430000)
 PSPermGen       total 21248K, used 8226K [0x00000000dae00000, 0x00000000dc2c0000, 0x00000000e0000000)
  object space 21248K, 38% used [0x00000000dae00000,0x00000000db608b38,0x00000000dc2c0000)

Code Cache  [0x0000000002390000, 0x0000000002600000, 0x0000000005390000)
 total_blobs=288 nmethods=76 adapters=165 free_code_cache=49727552 largest_free_block=26496

Dynamic libraries:
0x0000000000400000 - 0x000000000042e000 	C:\Program Files\Java\jdk1.6.0_26\jre\bin\java.exe
0x0000000077070000 - 0x000000007721a000 	C:\Windows\SYSTEM32\ntdll.dll
0x0000000076f50000 - 0x000000007706f000 	C:\Windows\system32\kernel32.dll
0x000007fefcfb0000 - 0x000007fefd01a000 	C:\Windows\system32\KERNELBASE.dll
0x000007fefdbb0000 - 0x000007fefdc8b000 	C:\Windows\system32\ADVAPI32.dll
0x000007fefd240000 - 0x000007fefd2df000 	C:\Windows\system32\msvcrt.dll
0x000007fefeef0000 - 0x000007fefef0f000 	C:\Windows\SYSTEM32\sechost.dll
0x000007fefdd80000 - 0x000007fefdead000 	C:\Windows\system32\RPCRT4.dll
0x000000006d890000 - 0x000000006e048000 	C:\Program Files\Java\jdk1.6.0_26\jre\bin\server\jvm.dll
0x0000000076e50000 - 0x0000000076f4a000 	C:\Windows\system32\USER32.dll
0x000007fefdd10000 - 0x000007fefdd77000 	C:\Windows\system32\GDI32.dll
0x000007fefee90000 - 0x000007fefee9e000 	C:\Windows\system32\LPK.dll
0x000007fefd800000 - 0x000007fefd8ca000 	C:\Windows\system32\USP10.dll
0x000007fefacf0000 - 0x000007fefad2b000 	C:\Windows\system32\WINMM.dll
0x000007fefd7d0000 - 0x000007fefd7fe000 	C:\Windows\system32\IMM32.DLL
0x000007fefed80000 - 0x000007fefee89000 	C:\Windows\system32\MSCTF.dll
0x000000006d800000 - 0x000000006d80e000 	C:\Program Files\Java\jdk1.6.0_26\jre\bin\verify.dll
0x000000006d450000 - 0x000000006d477000 	C:\Program Files\Java\jdk1.6.0_26\jre\bin\java.dll
0x0000000077240000 - 0x0000000077247000 	C:\Windows\system32\PSAPI.DLL
0x000000006d850000 - 0x000000006d862000 	C:\Program Files\Java\jdk1.6.0_26\jre\bin\zip.dll

VM Arguments:
jvm_args: -Xmx512m -Dfile.encoding=UTF-8 
java_command: edu.umd.cs.findbugs.FindBugs2 -xml:withMessages -auxclasspathFromInput -projectName assts.mntnn.extendsquotaformmain.customevents -effort:default -high -nested:false -include D:\AProyecto Migracion MEXICO\Migracion ACTIVAS\Activas\Cartera\frontEnd\web\events\assts.mntnn.extendsquotaformmain.customevents\target\finbugs\findbugs-Include.xml -exclude D:\AProyecto Migracion MEXICO\Migracion ACTIVAS\Activas\Cartera\frontEnd\web\events\assts.mntnn.extendsquotaformmain.customevents\target\finbugs\findbugs-Exclude.xml -output D:\AProyecto Migracion MEXICO\Migracion ACTIVAS\Activas\Cartera\frontEnd\web\events\assts.mntnn.extendsquotaformmain.customevents\target\findbugsTemp.xml D:\AProyecto Migracion MEXICO\Migracion ACTIVAS\Activas\Cartera\frontEnd\web\events\assts.mntnn.extendsquotaformmain.customevents\target\classes
Launcher Type: SUN_STANDARD

Environment Variables:
JAVA_HOME=C:\Program Files\Java\jre1.8.0_101
CLASSPATH=C:\Program Files (x86)\IBM\WebSphere MQ\java\lib\com.ibm.mqjms.jar;C:\Program Files (x86)\IBM\WebSphere MQ\java\lib\com.ibm.mq.jar
USERNAME=kmeza
OS=Windows_NT
PROCESSOR_IDENTIFIER=Intel64 Family 6 Model 58 Stepping 9, GenuineIntel



---------------  S Y S T E M  ---------------

OS: Windows 7 Build 7601 Service Pack 1

CPU:total 4 (2 cores per cpu, 2 threads per core) family 6 model 58 stepping 9, cmov, cx8, fxsr, mmx, sse, sse2, sse3, ssse3, sse4.1, sse4.2, popcnt, ht

Memory: 4k page, physical 8273448k(1488448k free), swap 8676968k(6472k free)

vm_info: Java HotSpot(TM) 64-Bit Server VM (20.1-b02) for windows-amd64 JRE (1.6.0_26-b03), built on May  4 2011 07:15:24 by "java_re" with MS VC++ 8.0 (VS2005)

time: Thu Dec 01 17:24:09 2016
elapsed time: 0 seconds

