----------------------------------------------------- .\acumpre.sp            
----------------------------------------------------- .\ahajustecb.sp            
----------------------------------------------------- .\ajuste_cb.sp            
----------------------------------------------------- .\archbanc.sp            
----------------------------------------------------- .\area.sp            
----------------------------------------------------- .\asicon.sp            
----------------------------------------------------- .\asientfe.sp            
----------------------------------------------------- .\asientos.sp            
----------------------------------------------------- .\asientos_val.sp            
----------------------------------------------------- .\asientot.sp            
----------------------------------------------------- .\asients1.sp            
----------------------------------------------------- .\asocoper.sp            
----------------------------------------------------- .\asoemp.sp            
----------------------------------------------------- .\asoest.sp            
----------------------------------------------------- .\astconsu.sp            
----------------------------------------------------- .\astosmig.sp            
----------------------------------------------------- .\astotmig.sp            
----------------------------------------------------- .\balcc.sp            
----------------------------------------------------- .\balgen.sp            
----------------------------------------------------- .\balmnme.sp            
----------------------------------------------------- .\balof.sp            
----------------------------------------------------- .\bancconc.sp            
----------------------------------------------------- .\banco.sp            
----------------------------------------------------- .\blcom.sp            
----------------------------------------------------- .\borrindmig.sp            
----------------------------------------------------- .\buscaaux.sp            
----------------------------------------------------- .\buscacom.sp            
----------------------------------------------------- .\buscapro.sp            
----------------------------------------------------- .\buscons.sp            
----------------------------------------------------- .\buscons1.sp            
----------------------------------------------------- .\busctapg.sp            
----------------------------------------------------- .\busctapr.sp            
----------------------------------------------------- .\campoarch.sp            
----------------------------------------------------- .\campoopera.sp            
----------------------------------------------------- .\canctas.sp            
----------------------------------------------------- .\capcol.sp            
----------------------------------------------------- .\cargamigcm.sp            
----------------------------------------------------- .\carga_balance_niif.sp            
----------------------------------------------------- .\carga_costos_niif.sp            
----------------------------------------------------- .\carga_parametros_niif.sp            
----------------------------------------------------- .\categori.sp            
----------------------------------------------------- .\causagmf.sp            
----------------------------------------------------- .\causaiva.sp            
----------------------------------------------------- .\cbcredeb.sp            
----------------------------------------------------- .\cbcredebfec.sp            
----------------------------------------------------- .\cbminuta.sp            
----------------------------------------------------- .\cbproduc.sp            
----------------------------------------------------- .\cbprovision.sp            
----------------------------------------------------- .\cbsalfecha.sp            
----------------------------------------------------- .\cbtesore.sp            
----------------------------------------------------- .\cb_cambio_plcta.sp            
----------------------------------------------------- .\cb_carga322n.sp            
----------------------------------------------------- .\cb_carmigc.sp            
----------------------------------------------------- .\cb_ctapt.sp            
----------------------------------------------------- .\cb_estactas.sp            
----------------------------------------------------- .\cb_recla_terceros.sp            
----------------------------------------------------- .\cb_recla_tercero_al.sp            
----------------------------------------------------- .\cb_repnocon.sp            
----------------------------------------------------- .\cb_reporte_contable_cb.sp            
----------------------------------------------------- .\cb_saldt.sp            
----------------------------------------------------- .\cb_saprd.sp            
----------------------------------------------------- .\Cb_saprm.sp            
----------------------------------------------------- .\Cdataaux.sp            
----------------------------------------------------- .\Cdatasaldo.sp            
----------------------------------------------------- .\certifica.sp            
----------------------------------------------------- .\cmbtconsu.sp            
----------------------------------------------------- .\cnmodper.sp            
----------------------------------------------------- .\codvalor.sp            
----------------------------------------------------- .\comconsu.sp            
----------------------------------------------------- .\compadecl.sp            
----------------------------------------------------- .\compastt.sp            
----------------------------------------------------- .\compaux.sp            
----------------------------------------------------- .\compauxi.sp            
----------------------------------------------------- .\compmig.sp            
----------------------------------------------------- .\compmigfp.sp            
----------------------------------------------------- .\comprobante_NIIF.sp            
----------------------------------------------------- .\comprobf.sp            
----------------------------------------------------- .\comprobh.sp            
----------------------------------------------------- .\comprobs.sp            
----------------------------------------------------- .\comprobsh.sp            
----------------------------------------------------- .\comprobt.sp            
----------------------------------------------------- .\comprobt1.sp            
----------------------------------------------------- .\comprsct.sp            
----------------------------------------------------- .\comptipo.sp            
----------------------------------------------------- .\comp_diario_niif.sp            
----------------------------------------------------- .\concconci.sp            
----------------------------------------------------- .\conccta.sp            
----------------------------------------------------- .\concmayt.sp            
----------------------------------------------------- .\concrete.sp            
----------------------------------------------------- .\consctap.sp            
----------------------------------------------------- .\consinterfaz.sp            
----------------------------------------------------- .\consmodi.sp            
Msg 102, Level 15, State 1, Server SRVCEN\SQLCEN, Procedure sp_consulta_modifica, Line 228
Incorrect syntax near 'go'.
----------------------------------------------------- .\consolid.sp            
----------------------------------------------------- .\consopre.sp            
----------------------------------------------------- .\conspygc.sp            
----------------------------------------------------- .\conspygt.sp            
----------------------------------------------------- .\conssobregiradas.sp            
----------------------------------------------------- .\consu1.sp            
----------------------------------------------------- .\consupro.sp            
----------------------------------------------------- .\cons_libros.sp            
----------------------------------------------------- .\cons_paso_repo.sp            
----------------------------------------------------- .\control.sp            
----------------------------------------------------- .\corte.sp            
----------------------------------------------------- .\corte1.sp            
----------------------------------------------------- .\corteofi.sp            
----------------------------------------------------- .\costos_fijos.sp            
----------------------------------------------------- .\cotiza.sp            
----------------------------------------------------- .\cpbtmig.sp            
----------------------------------------------------- .\cseqcomp.sp            
----------------------------------------------------- .\cseqnos.sp            
----------------------------------------------------- .\cseqofia.sp            
----------------------------------------------------- .\ctaasoc.sp            
----------------------------------------------------- .\ctaexc.sp            
----------------------------------------------------- .\ctamov.sp            
----------------------------------------------------- .\ctaperfi.sp            
----------------------------------------------------- .\ctapres1.sp            
----------------------------------------------------- .\ctapresu.sp            
----------------------------------------------------- .\ctaproc.sp            
----------------------------------------------------- .\ctasal.sp            
----------------------------------------------------- .\ctrcompre.sp            
Msg 102, Level 15, State 1, Server SRVCEN\SQLCEN, Procedure sp_control_comp_ret, Line 553
Incorrect syntax near '101001'.
----------------------------------------------------- .\cuenta.sp            
----------------------------------------------------- .\cusob.sp            
----------------------------------------------------- .\delpgen.sp            
----------------------------------------------------- .\delpgpr.sp            
----------------------------------------------------- .\depmon.sp            
----------------------------------------------------- .\depreci.sp            
----------------------------------------------------- .\deptabla.sp            
----------------------------------------------------- .\depurar.sp            
----------------------------------------------------- .\dinamica.sp            
----------------------------------------------------- .\dmlemp.sp            
----------------------------------------------------- .\ecpatrim.sp            
----------------------------------------------------- .\ejecmayfp.sp            
----------------------------------------------------- .\ejecval.sp            
----------------------------------------------------- .\ejec_maysi.sp            
----------------------------------------------------- .\ejec_maysiter.sp            
----------------------------------------------------- .\ejec_maysiterfp.sp            
----------------------------------------------------- .\empresa.sp            
----------------------------------------------------- .\estcam.sp            
----------------------------------------------------- .\estcta.sp            
----------------------------------------------------- .\excel.sp            
----------------------------------------------------- .\exec_job.sp            
----------------------------------------------------- .\exenpro.sp            
----------------------------------------------------- .\facturas.sp            
----------------------------------------------------- .\fechaconc.sp            
----------------------------------------------------- .\fechas.sp            
----------------------------------------------------- .\fecha_dep.sp            
----------------------------------------------------- .\finpe.sp            
----------------------------------------------------- .\frmayba.sp            
----------------------------------------------------- .\gmf.sp            
----------------------------------------------------- .\gmf_batch.sp            
----------------------------------------------------- .\gmf_pfijo.sp            
----------------------------------------------------- .\historic.sp            
----------------------------------------------------- .\ica.sp            
----------------------------------------------------- .\imptosdeptales.sp            
----------------------------------------------------- .\indcom.sp            
----------------------------------------------------- .\indices.sp            
----------------------------------------------------- .\industriac.sp            
----------------------------------------------------- .\inicorte.sp            
----------------------------------------------------- .\intconsu.sp            
----------------------------------------------------- .\interior.sp            
----------------------------------------------------- .\interna.sp            
----------------------------------------------------- .\iva.sp            
----------------------------------------------------- .\ivapagado.sp            
----------------------------------------------------- .\libdia.sp            
----------------------------------------------------- .\libromay.sp            
----------------------------------------------------- .\mascara.sp            
----------------------------------------------------- .\mascpre.sp            
----------------------------------------------------- .\mayba.sp            
----------------------------------------------------- .\maybatch.sp            
----------------------------------------------------- .\maymiles.sp            
----------------------------------------------------- .\mayorifp.sp            
----------------------------------------------------- .\mayoriza.sp            

(0 rows affected)
----------------------------------------------------- .\mayposic.sp            
----------------------------------------------------- .\maypresu.sp            
----------------------------------------------------- .\maysi.sp            
----------------------------------------------------- .\maysifp.sp            
----------------------------------------------------- .\maysiter.sp            
----------------------------------------------------- .\maysiterfp.sp            
----------------------------------------------------- .\mayter_tmp.sp            
----------------------------------------------------- .\mgenpre.sp            
----------------------------------------------------- .\migracion.sp            
----------------------------------------------------- .\migrale.sp            
----------------------------------------------------- .\migrasal.sp            
----------------------------------------------------- .\movban.sp            
----------------------------------------------------- .\mov_ofi.sp            
----------------------------------------------------- .\nicompret.sp            
----------------------------------------------------- .\niff_costoscca.sp            
----------------------------------------------------- .\niif_eventos.sp            
----------------------------------------------------- .\niif_maestros.sp            
----------------------------------------------------- .\NIIF_pfijo.sp            
----------------------------------------------------- .\NIIF_pfijo_diario.sp            
----------------------------------------------------- .\niif_tercero.sp            
----------------------------------------------------- .\nivelare.sp            
----------------------------------------------------- .\nivelcta.sp            
----------------------------------------------------- .\nivelpre.sp            
----------------------------------------------------- .\nomay.sp            
----------------------------------------------------- .\obtsaldoter.sp            
----------------------------------------------------- .\oficina.sp            
----------------------------------------------------- .\ofidepart.sp            
----------------------------------------------------- .\opcion.sp            
----------------------------------------------------- .\organiza.sp            
----------------------------------------------------- .\paraaut.sp            
----------------------------------------------------- .\parametr.sp            
----------------------------------------------------- .\parconanu.sp            
----------------------------------------------------- .\pasodef.sp            
----------------------------------------------------- .\perfconc.sp            
----------------------------------------------------- .\perfil.sp            
----------------------------------------------------- .\pergan.sp            
----------------------------------------------------- .\pericort.sp            
----------------------------------------------------- .\periodo.sp            
----------------------------------------------------- .\pg_com.sp            
----------------------------------------------------- .\plgenpre.sp            
----------------------------------------------------- .\posdia2.sp            
----------------------------------------------------- .\posicion.sp            
----------------------------------------------------- .\posiconsu.sp            
----------------------------------------------------- .\presup.sp            
----------------------------------------------------- .\proc_6004.sp            
----------------------------------------------------- .\prodproc.sp            
----------------------------------------------------- .\reexp.sp            
----------------------------------------------------- .\reexpterc.sp            
----------------------------------------------------- .\reg842.sp            
----------------------------------------------------- .\reg8422.sp            
----------------------------------------------------- .\regimen.sp            
----------------------------------------------------- .\relacion.sp            
----------------------------------------------------- .\relacionarr.sp            
----------------------------------------------------- .\relarea.sp            
----------------------------------------------------- .\relconci.sp            
----------------------------------------------------- .\relofi.sp            
----------------------------------------------------- .\relparam.sp            
----------------------------------------------------- .\relpre.sp            
----------------------------------------------------- .\relsearc.sp            
----------------------------------------------------- .\resperfi.sp            
----------------------------------------------------- .\retencio.sp            
----------------------------------------------------- .\retenciont.sp            
----------------------------------------------------- .\retencts.sp            
----------------------------------------------------- .\rteftenit.sp            
----------------------------------------------------- .\safof.sp            
----------------------------------------------------- .\salarea.sp            
----------------------------------------------------- .\salcons.sp            
----------------------------------------------------- .\saldo.sp            
----------------------------------------------------- .\saldo1.sp            
----------------------------------------------------- .\saldoexc.sp            
----------------------------------------------------- .\saldomil.sp            
----------------------------------------------------- .\saldopresup.sp            
----------------------------------------------------- .\saldotercero.sp            
----------------------------------------------------- .\saldotercerofp.sp            
----------------------------------------------------- .\scodi.sp            
----------------------------------------------------- .\seccerti.sp            
----------------------------------------------------- .\seguridad.sp            
----------------------------------------------------- .\sel_reex.sp            
----------------------------------------------------- .\sp_area_mig.sp            
----------------------------------------------------- .\sp_aux_contables.sp            
----------------------------------------------------- .\sp_banco_mig.sp            
----------------------------------------------------- .\sp_catalogo_gral_mig.sp            
----------------------------------------------------- .\sp_concepto_ret_mig.sp            
----------------------------------------------------- .\sp_cuentaaso_mig.sp            
----------------------------------------------------- .\sp_cuentaesp_mig.sp            
----------------------------------------------------- .\sp_cuentamov_mig.sp            
----------------------------------------------------- .\sp_cuentapro_mig.sp            
----------------------------------------------------- .\sp_empresa_mig.sp            
----------------------------------------------------- .\sp_fecha_corte_mig.sp            
----------------------------------------------------- .\sp_moneda_mig.sp            
----------------------------------------------------- .\sp_oficina_mig.sp            
----------------------------------------------------- .\sp_operacion_entidad_mig.sp            
----------------------------------------------------- .\sp_tercero_mig.sp            
----------------------------------------------------- .\tdetest.sp            
----------------------------------------------------- .\tdperfil.sp            
----------------------------------------------------- .\temctip.sp            
----------------------------------------------------- .\temdctip.sp            
----------------------------------------------------- .\temprtip.sp            
----------------------------------------------------- .\tercero.sp            
----------------------------------------------------- .\tercero_saldo.sp            
----------------------------------------------------- .\testcta.sp            
----------------------------------------------------- .\tipoarea.sp            
----------------------------------------------------- .\tipodoc.sp            
----------------------------------------------------- .\tperfil.sp            
----------------------------------------------------- .\trancta.sp            
----------------------------------------------------- .\tranctah.sp            
----------------------------------------------------- .\traslsald.sp            
----------------------------------------------------- .\trasterc.sp            
----------------------------------------------------- .\trspyg.sp            
----------------------------------------------------- .\tvalida.sp            
----------------------------------------------------- .\tvalitem.sp            
----------------------------------------------------- .\valcomcb.sp            
----------------------------------------------------- .\validac.sp            
----------------------------------------------------- .\valida_dep.sp            
----------------------------------------------------- .\valida_mig.sp            
----------------------------------------------------- .\validter.sp            
----------------------------------------------------- .\valitem.sp            
----------------------------------------------------- .\valmig.sp            
----------------------------------------------------- .\valmigcb.sp            
----------------------------------------------------- .\vconsu.sp            
----------------------------------------------------- .\verif_man.sp            
